<?xml version="1.0" encoding="UTF-8"?>
<!-- Generated by org.testng.reporters.JUnitXMLReporter -->
<testsuite ignored="2" hostname="SOHANCHAVAN" failures="0" tests="2" name="Test" time="0.092" errors="0" timestamp="2022-01-06T23:02:55 IST">
  <testcase classname="newautomation.TestClass" name="LoginFaceBook" time="0.007"/>
  <testcase classname="newautomation.testkeywords" name="test" time="0.001"/>
  <testcase classname="newautomation.testkeywords" name="TEST3" time="0.0">
    <ignored/>
  </testcase> <!-- TEST3 -->
  <testcase classname="newautomation.testkeywords" name="TEST2" time="0.0">
    <ignored/>
  </testcase> <!-- TEST2 -->
</testsuite> <!-- Test -->
