<?xml version="1.0" encoding="UTF-8"?>
<testng-results ignored="0" total="1" passed="1" failed="0" skipped="0">
  <reporter-output>
  </reporter-output>
  <suite started-at="2022-02-02T19:01:34 IST" name="Default suite" finished-at="2022-02-02T19:01:34 IST" duration-ms="81">
    <groups>
    </groups>
    <test started-at="2022-02-02T19:01:34 IST" name="Default test" finished-at="2022-02-02T19:01:34 IST" duration-ms="81">
      <class name="newautomation.TestClass">
        <test-method is-config="true" signature="beforetest()[pri:0, instance:newautomation.TestClass@25084a1e]" started-at="2022-02-02T19:01:34 IST" name="beforetest" finished-at="2022-02-02T19:01:34 IST" duration-ms="13" status="PASS">
          <reporter-output>
          </reporter-output>
        </test-method> <!-- beforetest -->
        <test-method is-config="true" signature="beforeclass()[pri:0, instance:newautomation.TestClass@25084a1e]" started-at="2022-02-02T19:01:34 IST" name="beforeclass" finished-at="2022-02-02T19:01:34 IST" duration-ms="0" status="PASS">
          <reporter-output>
          </reporter-output>
        </test-method> <!-- beforeclass -->
        <test-method is-config="true" signature="beforemethod()[pri:0, instance:newautomation.TestClass@25084a1e]" started-at="2022-02-02T19:01:34 IST" name="beforemethod" finished-at="2022-02-02T19:01:34 IST" duration-ms="0" status="PASS">
          <reporter-output>
          </reporter-output>
        </test-method> <!-- beforemethod -->
        <test-method signature="LoginFaceBook()[pri:0, instance:newautomation.TestClass@25084a1e]" started-at="2022-02-02T19:01:34 IST" name="LoginFaceBook" finished-at="2022-02-02T19:01:34 IST" duration-ms="8" status="PASS">
          <reporter-output>
          </reporter-output>
        </test-method> <!-- LoginFaceBook -->
        <test-method is-config="true" signature="afterclass()[pri:0, instance:newautomation.TestClass@25084a1e]" started-at="2022-02-02T19:01:34 IST" name="afterclass" finished-at="2022-02-02T19:01:34 IST" duration-ms="1" status="PASS">
          <reporter-output>
          </reporter-output>
        </test-method> <!-- afterclass -->
      </class> <!-- newautomation.TestClass -->
    </test> <!-- Default test -->
  </suite> <!-- Default suite -->
</testng-results>
